<?xml version="1.0" encoding="UTF-8"?>
<testng-results ignored="0" total="1" passed="1" failed="0" skipped="0">
  <reporter-output>
  </reporter-output>
  <suite started-at="2024-12-25T11:47:12 IST" name="Default suite" finished-at="2024-12-25T11:47:14 IST" duration-ms="2154">
    <groups>
    </groups>
    <test started-at="2024-12-25T11:47:12 IST" name="Default test" finished-at="2024-12-25T11:47:14 IST" duration-ms="2154">
      <class name="Demo.vTiger">
        <test-method is-config="true" signature="BefMethod()[pri:0, instance:Demo.vTiger@5fdcaa40]" started-at="2024-12-25T11:47:12 IST" name="BefMethod" finished-at="2024-12-25T11:47:14 IST" duration-ms="2103" status="PASS">
          <reporter-output>
          </reporter-output>
        </test-method> <!-- BefMethod -->
        <test-method signature="method()[pri:0, instance:Demo.vTiger@5fdcaa40]" started-at="2024-12-25T11:47:14 IST" name="method" finished-at="2024-12-25T11:47:14 IST" duration-ms="13" status="PASS">
          <reporter-output>
          </reporter-output>
        </test-method> <!-- method -->
      </class> <!-- Demo.vTiger -->
    </test> <!-- Default test -->
  </suite> <!-- Default suite -->
</testng-results>
