<?xml version="1.0" encoding="UTF-8"?>
<testng-results ignored="0" total="1" passed="1" failed="0" skipped="0">
  <reporter-output>
  </reporter-output>
  <suite started-at="2024-12-25T11:28:26 IST" name="Default suite" finished-at="2024-12-25T11:28:30 IST" duration-ms="4309">
    <groups>
    </groups>
    <test started-at="2024-12-25T11:28:26 IST" name="Default test" finished-at="2024-12-25T11:28:30 IST" duration-ms="4309">
      <class name="Demo.vTiger">
        <test-method signature="method()[pri:0, instance:Demo.vTiger@f5ac9e4]" started-at="2024-12-25T11:28:26 IST" name="method" finished-at="2024-12-25T11:28:30 IST" duration-ms="4276" status="PASS">
          <reporter-output>
          </reporter-output>
        </test-method> <!-- method -->
      </class> <!-- Demo.vTiger -->
    </test> <!-- Default test -->
  </suite> <!-- Default suite -->
</testng-results>
